<?xml version="1.0" encoding="UTF-8"?>
<!-- Generated by org.testng.reporters.JUnitReportReporter -->
<testsuite skipped="0" hostname="WL" name="com.bigdata.hdfs.directory.MkDir" tests="1" failures="0" timestamp="17 四月 2018 06:25:01 GMT" time="1.032" errors="0">
  <testcase name="mkdir" time="1.032" classname="com.bigdata.hdfs.directory.MkDir"/>
</testsuite> <!-- com.bigdata.hdfs.directory.MkDir -->
